# JRE version: OpenJDK Runtime Environment (21.0.8) (build 21.0.8+-14196175-b1038.72)
# Java VM: OpenJDK 64-Bit Server VM (21.0.8+-14196175-b1038.72, mixed mode, tiered, compressed oops, compressed class ptrs, g1 gc, windows-amd64)
GC Precious Log:
 CardTable entry size: 512
 Card Set container configuration: InlinePtr #cards 5 size 8 Array Of Cards #cards 12 size 40 Howl #buckets 4 coarsen threshold 1843 Howl Bitmap #cards 512 size 80 coarsen threshold 460 Card regions per heap region 1 cards per card region 2048
 CPUs: 4 total, 4 available
 Memory: 12201M
 Large Page Support: Disabled
 NUMA Support: Disabled
 Compressed Oops: Enabled (32-bit)
 Heap Region Size: 1M
 Heap Min Capacity: 8M
 Heap Initial Capacity: 192M
 Heap Max Capacity: 2G
 Pre-touch: Disabled
 Parallel Workers: 4
 Concurrent Workers: 1
 Concurrent Refinement Workers: 4
 Periodic GC: Disabled
Heap:
 garbage-first heap   total 256000K, used 223805K [0x0000000080000000, 0x0000000100000000)
  region size 1024K, 75 young (76800K), 9 survivors (9216K)
 Metaspace       used 128891K, committed 131200K, reserved 1179648K
  class space    used 17622K, committed 18752K, reserved 1048576K
GC Heap History (20 events):
Event: 81.882 GC heap before
{Heap before GC invocations=36 (full 0):
 garbage-first heap   total 220160K, used 197711K [0x0000000080000000, 0x0000000100000000)
  region size 1024K, 73 young (74752K), 9 survivors (9216K)
 Metaspace       used 100114K, committed 102144K, reserved 1179648K
  class space    used 13761K, committed 14784K, reserved 1048576K
}
Event: 81.971 GC heap after
{Heap after GC invocations=37 (full 0):
 garbage-first heap   total 220160K, used 135667K [0x0000000080000000, 0x0000000100000000)
  region size 1024K, 6 young (6144K), 6 survivors (6144K)
 Metaspace       used 100114K, committed 102144K, reserved 1179648K
  class space    used 13761K, committed 14784K, reserved 1048576K
}
Event: 82.891 GC heap before
{Heap before GC invocations=37 (full 0):
 garbage-first heap   total 220160K, used 153075K [0x0000000080000000, 0x0000000100000000)
  region size 1024K, 24 young (24576K), 6 survivors (6144K)
 Metaspace       used 101436K, committed 103488K, reserved 1179648K
  class space    used 13950K, committed 14976K, reserved 1048576K
}
Event: 82.911 GC heap after
{Heap after GC invocations=38 (full 0):
 garbage-first heap   total 220160K, used 137390K [0x0000000080000000, 0x0000000100000000)
  region size 1024K, 2 young (2048K), 2 survivors (2048K)
 Metaspace       used 101436K, committed 103488K, reserved 1179648K
  class space    used 13950K, committed 14976K, reserved 1048576K
}
Event: 86.511 GC heap before
{Heap before GC invocations=39 (full 0):
 garbage-first heap   total 232448K, used 203950K [0x0000000080000000, 0x0000000100000000)
  region size 1024K, 66 young (67584K), 2 survivors (2048K)
 Metaspace       used 106527K, committed 108672K, reserved 1179648K
  class space    used 14819K, committed 15872K, reserved 1048576K
}
Event: 86.531 GC heap after
{Heap after GC invocations=40 (full 0):
 garbage-first heap   total 232448K, used 139098K [0x0000000080000000, 0x0000000100000000)
  region size 1024K, 4 young (4096K), 4 survivors (4096K)
 Metaspace       used 106527K, committed 108672K, reserved 1179648K
  class space    used 14819K, committed 15872K, reserved 1048576K
}
Event: 91.179 GC heap before
{Heap before GC invocations=40 (full 0):
 garbage-first heap   total 232448K, used 218970K [0x0000000080000000, 0x0000000100000000)
  region size 1024K, 76 young (77824K), 4 survivors (4096K)
 Metaspace       used 114929K, committed 117120K, reserved 1179648K
  class space    used 15833K, committed 16896K, reserved 1048576K
}
Event: 91.234 GC heap after
{Heap after GC invocations=41 (full 0):
 garbage-first heap   total 232448K, used 146263K [0x0000000080000000, 0x0000000100000000)
  region size 1024K, 10 young (10240K), 10 survivors (10240K)
 Metaspace       used 114929K, committed 117120K, reserved 1179648K
  class space    used 15833K, committed 16896K, reserved 1048576K
}
Event: 92.996 GC heap before
{Heap before GC invocations=41 (full 0):
 garbage-first heap   total 232448K, used 209751K [0x0000000080000000, 0x0000000100000000)
  region size 1024K, 72 young (73728K), 10 survivors (10240K)
 Metaspace       used 114929K, committed 117120K, reserved 1179648K
  class space    used 15833K, committed 16896K, reserved 1048576K
}
Event: 93.056 GC heap after
{Heap after GC invocations=42 (full 0):
 garbage-first heap   total 232448K, used 150022K [0x0000000080000000, 0x0000000100000000)
  region size 1024K, 5 young (5120K), 5 survivors (5120K)
 Metaspace       used 114929K, committed 117120K, reserved 1179648K
  class space    used 15833K, committed 16896K, reserved 1048576K
}
Event: 95.817 GC heap before
{Heap before GC invocations=43 (full 0):
 garbage-first heap   total 252928K, used 212486K [0x0000000080000000, 0x0000000100000000)
  region size 1024K, 66 young (67584K), 5 survivors (5120K)
 Metaspace       used 114929K, committed 117120K, reserved 1179648K
  class space    used 15833K, committed 16896K, reserved 1048576K
}
Event: 95.839 GC heap after
{Heap after GC invocations=44 (full 0):
 garbage-first heap   total 252928K, used 151672K [0x0000000080000000, 0x0000000100000000)
  region size 1024K, 6 young (6144K), 6 survivors (6144K)
 Metaspace       used 114929K, committed 117120K, reserved 1179648K
  class space    used 15833K, committed 16896K, reserved 1048576K
}
Event: 97.886 GC heap before
{Heap before GC invocations=44 (full 0):
 garbage-first heap   total 252928K, used 228472K [0x0000000080000000, 0x0000000100000000)
  region size 1024K, 81 young (82944K), 6 survivors (6144K)
 Metaspace       used 114929K, committed 117120K, reserved 1179648K
  class space    used 15833K, committed 16896K, reserved 1048576K
}
Event: 97.915 GC heap after
{Heap after GC invocations=45 (full 0):
 garbage-first heap   total 252928K, used 150414K [0x0000000080000000, 0x0000000100000000)
  region size 1024K, 8 young (8192K), 8 survivors (8192K)
 Metaspace       used 114929K, committed 117120K, reserved 1179648K
  class space    used 15833K, committed 16896K, reserved 1048576K
}
Event: 100.061 GC heap before
{Heap before GC invocations=45 (full 0):
 garbage-first heap   total 252928K, used 229262K [0x0000000080000000, 0x0000000100000000)
  region size 1024K, 85 young (87040K), 8 survivors (8192K)
 Metaspace       used 114929K, committed 117120K, reserved 1179648K
  class space    used 15833K, committed 16896K, reserved 1048576K
}
Event: 100.098 GC heap after
{Heap after GC invocations=46 (full 0):
 garbage-first heap   total 252928K, used 152398K [0x0000000080000000, 0x0000000100000000)
  region size 1024K, 7 young (7168K), 7 survivors (7168K)
 Metaspace       used 114929K, committed 117120K, reserved 1179648K
  class space    used 15833K, committed 16896K, reserved 1048576K
}
Event: 106.082 GC heap before
{Heap before GC invocations=47 (full 0):
 garbage-first heap   total 256000K, used 232270K [0x0000000080000000, 0x0000000100000000)
  region size 1024K, 84 young (86016K), 7 survivors (7168K)
 Metaspace       used 119606K, committed 121792K, reserved 1179648K
  class space    used 16404K, committed 17472K, reserved 1048576K
}
Event: 106.148 GC heap after
{Heap after GC invocations=48 (full 0):
 garbage-first heap   total 256000K, used 155684K [0x0000000080000000, 0x0000000100000000)
  region size 1024K, 8 young (8192K), 8 survivors (8192K)
 Metaspace       used 119606K, committed 121792K, reserved 1179648K
  class space    used 16404K, committed 17472K, reserved 1048576K
}
Event: 111.386 GC heap before
{Heap before GC invocations=48 (full 0):
 garbage-first heap   total 256000K, used 233508K [0x0000000080000000, 0x0000000100000000)
  region size 1024K, 84 young (86016K), 8 survivors (8192K)
 Metaspace       used 127037K, committed 129280K, reserved 1179648K
  class space    used 17399K, committed 18496K, reserved 1048576K
}
Event: 111.452 GC heap after
{Heap after GC invocations=49 (full 0):
 garbage-first heap   total 256000K, used 158269K [0x0000000080000000, 0x0000000100000000)
  region size 1024K, 9 young (9216K), 9 survivors (9216K)
 Metaspace       used 127037K, committed 129280K, reserved 1179648K
  class space    used 17399K, committed 18496K, reserved 1048576K
}

